<?xml version="1.0" encoding="UTF-8"?>
<!-- Generated by org.testng.reporters.JUnitReportReporter -->
<testsuite hostname="DESKTOP-LLLGMOJ" failures="0" tests="3" name="orangeHrmTestScripts.TestOrangeHrmPIM" time="12.370" errors="0" timestamp="2025-04-29T07:35:11 IST" skipped="0">
  <testcase classname="orangeHrmTestScripts.TestOrangeHrmPIM" name="testPimCreation" time="4.064"/>
  <testcase classname="orangeHrmTestScripts.TestOrangeHrmPIM" name="testPimUpdate" time="4.256"/>
  <testcase classname="orangeHrmTestScripts.TestOrangeHrmPIM" name="testPimDelete" time="4.050"/>
</testsuite> <!-- orangeHrmTestScripts.TestOrangeHrmPIM -->
