<?xml version="1.0" encoding="UTF-8"?>
<!-- Generated by org.testng.reporters.JUnitReportReporter -->
<testsuite hostname="DESKTOP-LLLGMOJ" failures="0" tests="2" name="orangeHrmTestScripts.OrangeHrmLoginLogout" time="18.352" errors="0" timestamp="2025-04-29T07:35:11 IST" skipped="0">
  <testcase classname="orangeHrmTestScripts.OrangeHrmLoginLogout" name="testLoginPage" time="8.422"/>
  <testcase classname="orangeHrmTestScripts.OrangeHrmLoginLogout" name="testLoginLougoutOfOrangeHrm" time="9.930"/>
</testsuite> <!-- orangeHrmTestScripts.OrangeHrmLoginLogout -->
