<?xml version="1.0" encoding="UTF-8"?>
<!-- Generated by org.testng.reporters.JUnitReportReporter -->
<testsuite hostname="DESKTOP-LLLGMOJ" failures="0" tests="3" name="orangeHrmTestScripts.TestPIM" time="43.899" errors="0" timestamp="2025-04-29T07:14:29 IST" skipped="0">
  <testcase classname="orangeHrmTestScripts.TestPIM" name="testPIM_Creation" time="21.932"/>
  <testcase classname="orangeHrmTestScripts.TestPIM" name="testPIM_Update" time="4.632"/>
  <testcase classname="orangeHrmTestScripts.TestPIM" name="testPIM_Delete" time="17.335"/>
</testsuite> <!-- orangeHrmTestScripts.TestPIM -->
