<?xml version="1.0" encoding="UTF-8"?>
<!-- Generated by org.testng.reporters.JUnitReportReporter -->
<testsuite hostname="DESKTOP-LLLGMOJ" failures="0" tests="2" name="day11.testngExample2.Example02" time="0.004" errors="0" timestamp="2025-04-29T07:39:49 IST" skipped="0">
  <testcase classname="day11.testngExample2.Example02" name="TC2" time="0.000"/>
  <testcase classname="day11.testngExample2.Example02" name="TC3" time="0.004"/>
</testsuite> <!-- day11.testngExample2.Example02 -->
